Using pre-set license
Built from '2020.3/release' branch; Version is '2020.3.7f1 (dd97f2c94397) revision 14522354'; Using compiler version '192528614'; Build Type 'Release'
OS: 'Windows 10 Home; OS build 19043.1466; Version 2009; 64bit' Language: 'en' Physical Memory: 16061 MB
BatchMode: 1, IsHumanControllingUs: 0, StartBugReporterOnCrash: 0, Is64bit: 1, IsPro: 0

 COMMAND LINE ARGUMENTS:
C:\Program Files\Unity\Hub\Editor\2020.3.7f1\Editor\Unity.exe
-adb2
-batchMode
-noUpm
-name
AssetImportWorker0
-projectPath
C:/Users/antho/Desktop/GitHub/2D-GDW-SEM-2-PROJECT/2D GDW PROJECT
-logFile
Logs/AssetImportWorker0.log
-srvPort
55793
Successfully changed project path to: C:/Users/antho/Desktop/GitHub/2D-GDW-SEM-2-PROJECT/2D GDW PROJECT
C:/Users/antho/Desktop/GitHub/2D-GDW-SEM-2-PROJECT/2D GDW PROJECT
Using Asset Import Pipeline V2.
Refreshing native plugins compatible for Editor in 48.29 ms, found 1 plugins.
Preloading 0 native plugins for Editor in 0.00 ms.
Initialize engine version: 2020.3.7f1 (dd97f2c94397)
[Subsystems] Discovering subsystems at path C:/Program Files/Unity/Hub/Editor/2020.3.7f1/Editor/Data/Resources/UnitySubsystems
[Subsystems] Discovering subsystems at path C:/Users/antho/Desktop/GitHub/2D-GDW-SEM-2-PROJECT/2D GDW PROJECT/Assets
GfxDevice: creating device client; threaded=0
Direct3D:
    Version:  Direct3D 11.0 [level 11.1]
    Renderer: NVIDIA GeForce RTX 3070 Laptop GPU (ID=0x249d)
    Vendor:   
    VRAM:     8044 MB
    Driver:   30.0.14.9729
Initialize mono
Mono path[0] = 'C:/Program Files/Unity/Hub/Editor/2020.3.7f1/Editor/Data/Managed'
Mono path[1] = 'C:/Program Files/Unity/Hub/Editor/2020.3.7f1/Editor/Data/MonoBleedingEdge/lib/mono/unityjit'
Mono config path = 'C:/Program Files/Unity/Hub/Editor/2020.3.7f1/Editor/Data/MonoBleedingEdge/etc'
Using monoOptions --debugger-agent=transport=dt_socket,embedding=1,server=y,suspend=n,address=127.0.0.1:56504
Begin MonoManager ReloadAssembly
Registering precompiled unity dll's ...
Register platform support module: C:/Program Files/Unity/Hub/Editor/2020.3.7f1/Editor/Data/PlaybackEngines/WindowsStandaloneSupport/UnityEditor.WindowsStandalone.Extensions.dll
Registered in 0.001802 seconds.
Native extension for WindowsStandalone target not found
Refreshing native plugins compatible for Editor in 31.03 ms, found 1 plugins.
Preloading 0 native plugins for Editor in 0.00 ms.
Mono: successfully reloaded assembly
- Completed reload, in  1.463 seconds
Platform modules already initialized, skipping
Registering precompiled user dll's ...
Registered in 0.000931 seconds.
Begin MonoManager ReloadAssembly
Native extension for WindowsStandalone target not found
Refreshing native plugins compatible for Editor in 52.00 ms, found 1 plugins.
Preloading 0 native plugins for Editor in 0.00 ms.
Mono: successfully reloaded assembly
- Completed reload, in  1.237 seconds
Platform modules already initialized, skipping
========================================================================
Worker process is ready to serve import requests
Launched and connected shader compiler UnityShaderCompiler.exe after 0.07 seconds
Refreshing native plugins compatible for Editor in 0.56 ms, found 1 plugins.
Preloading 0 native plugins for Editor in 0.00 ms.
Unloading 1959 Unused Serialized files (Serialized files now loaded: 0)
System memory in use before: 90.0 MB.
System memory in use after: 89.9 MB.

Unloading 26 unused Assets to reduce memory usage. Loaded Objects now: 2400.
Total: 2.303500 ms (FindLiveObjects: 0.403500 ms CreateObjectMapping: 0.109300 ms MarkObjects: 1.609000 ms  DeleteObjects: 0.180600 ms)

========================================================================
Received Prepare
Registering precompiled user dll's ...
Registered in 0.000914 seconds.
Begin MonoManager ReloadAssembly
Native extension for WindowsStandalone target not found
Refreshing native plugins compatible for Editor in 0.60 ms, found 1 plugins.
Preloading 0 native plugins for Editor in 0.00 ms.
Mono: successfully reloaded assembly
- Completed reload, in  1.222 seconds
Platform modules already initialized, skipping
Refreshing native plugins compatible for Editor in 0.31 ms, found 1 plugins.
Preloading 0 native plugins for Editor in 0.00 ms.
Unloading 1951 Unused Serialized files (Serialized files now loaded: 0)
System memory in use before: 89.8 MB.
System memory in use after: 89.8 MB.

Unloading 13 unused Assets to reduce memory usage. Loaded Objects now: 2404.
Total: 1.968500 ms (FindLiveObjects: 0.255600 ms CreateObjectMapping: 0.091800 ms MarkObjects: 1.519400 ms  DeleteObjects: 0.100300 ms)

========================================================================
Received Import Request.
  path: Assets/Scripts/Level
  artifactKey: Guid(a9a284e9d8df0c748a0431836b20c61d) Importer(815301076,1909f56bfc062723c751e8b465ee728b)
Start importing Assets/Scripts/Level using Guid(a9a284e9d8df0c748a0431836b20c61d) Importer(815301076,1909f56bfc062723c751e8b465ee728b)  -> (artifact id: '71c7127bc0b947d13b20639a4ee673a8') in 0.013220 seconds
  Import took 0.018695 seconds .

========================================================================
Received Import Request.
  Time since last request: 10.076707 seconds.
  path: Assets/Scripts/Level/MovingPlatforms.cs
  artifactKey: Guid(7532601d7861eac4e8db6e4ca871923c) Importer(815301076,1909f56bfc062723c751e8b465ee728b)
Start importing Assets/Scripts/Level/MovingPlatforms.cs using Guid(7532601d7861eac4e8db6e4ca871923c) Importer(815301076,1909f56bfc062723c751e8b465ee728b)  -> (artifact id: '4a68307d1c8b238d8870320e6dd89893') in 0.028645 seconds
  Import took 0.034474 seconds .

========================================================================
Received Import Request.
  Time since last request: 0.016944 seconds.
  path: Assets/Scripts/Level/MovingPlatforms.cs
  artifactKey: Guid(7532601d7861eac4e8db6e4ca871923c) Importer(815301076,1909f56bfc062723c751e8b465ee728b)
Start importing Assets/Scripts/Level/MovingPlatforms.cs using Guid(7532601d7861eac4e8db6e4ca871923c) Importer(815301076,1909f56bfc062723c751e8b465ee728b)  -> (artifact id: '4a68307d1c8b238d8870320e6dd89893') in 0.004339 seconds
  Import took 0.009176 seconds .

========================================================================
Received Prepare
Registering precompiled user dll's ...
Registered in 0.001204 seconds.
Begin MonoManager ReloadAssembly
Native extension for WindowsStandalone target not found
Refreshing native plugins compatible for Editor in 0.37 ms, found 1 plugins.
Preloading 0 native plugins for Editor in 0.00 ms.
Mono: successfully reloaded assembly
- Completed reload, in  1.148 seconds
Platform modules already initialized, skipping
Refreshing native plugins compatible for Editor in 0.43 ms, found 1 plugins.
Preloading 0 native plugins for Editor in 0.00 ms.
Unloading 1952 Unused Serialized files (Serialized files now loaded: 0)
System memory in use before: 89.9 MB.
System memory in use after: 89.8 MB.

Unloading 13 unused Assets to reduce memory usage. Loaded Objects now: 2409.
Total: 2.355600 ms (FindLiveObjects: 0.180200 ms CreateObjectMapping: 0.039300 ms MarkObjects: 1.928400 ms  DeleteObjects: 0.206000 ms)

========================================================================
Received Prepare
Registering precompiled user dll's ...
Registered in 0.000951 seconds.
Begin MonoManager ReloadAssembly
Native extension for WindowsStandalone target not found
Refreshing native plugins compatible for Editor in 0.40 ms, found 1 plugins.
Preloading 0 native plugins for Editor in 0.00 ms.
Mono: successfully reloaded assembly
- Completed reload, in  1.366 seconds
Platform modules already initialized, skipping
Refreshing native plugins compatible for Editor in 0.54 ms, found 1 plugins.
Preloading 0 native plugins for Editor in 0.00 ms.
Unloading 1952 Unused Serialized files (Serialized files now loaded: 0)
System memory in use before: 89.9 MB.
System memory in use after: 89.9 MB.

Unloading 13 unused Assets to reduce memory usage. Loaded Objects now: 2413.
Total: 2.265700 ms (FindLiveObjects: 0.205200 ms CreateObjectMapping: 0.056700 ms MarkObjects: 1.894600 ms  DeleteObjects: 0.108200 ms)

========================================================================
Received Import Request.
  Time since last request: 62.795280 seconds.
  path: Assets/Scripts/Level/MovingPlatforms.cs
  artifactKey: Guid(7532601d7861eac4e8db6e4ca871923c) Importer(815301076,1909f56bfc062723c751e8b465ee728b)
Start importing Assets/Scripts/Level/MovingPlatforms.cs using Guid(7532601d7861eac4e8db6e4ca871923c) Importer(815301076,1909f56bfc062723c751e8b465ee728b)  -> (artifact id: '643fc6c74b53b0b274402e4f92370c56') in 0.007376 seconds
  Import took 0.011426 seconds .

========================================================================
Received Prepare
Registering precompiled user dll's ...
Registered in 0.001958 seconds.
Begin MonoManager ReloadAssembly
Native extension for WindowsStandalone target not found
Refreshing native plugins compatible for Editor in 0.56 ms, found 1 plugins.
Preloading 0 native plugins for Editor in 0.00 ms.
Mono: successfully reloaded assembly
- Completed reload, in  1.686 seconds
Platform modules already initialized, skipping
Refreshing native plugins compatible for Editor in 0.45 ms, found 1 plugins.
Preloading 0 native plugins for Editor in 0.00 ms.
Unloading 1952 Unused Serialized files (Serialized files now loaded: 0)
System memory in use before: 89.9 MB.
System memory in use after: 89.9 MB.

Unloading 13 unused Assets to reduce memory usage. Loaded Objects now: 2417.
Total: 2.823500 ms (FindLiveObjects: 0.228700 ms CreateObjectMapping: 0.070200 ms MarkObjects: 2.327900 ms  DeleteObjects: 0.194900 ms)

========================================================================
Received Import Request.
  Time since last request: 40.041300 seconds.
  path: Assets/Scripts/Level/MovingPlatforms.cs
  artifactKey: Guid(7532601d7861eac4e8db6e4ca871923c) Importer(815301076,1909f56bfc062723c751e8b465ee728b)
Start importing Assets/Scripts/Level/MovingPlatforms.cs using Guid(7532601d7861eac4e8db6e4ca871923c) Importer(815301076,1909f56bfc062723c751e8b465ee728b)  -> (artifact id: 'f16e3326f280c728159197d7445dc76a') in 0.013872 seconds
  Import took 0.020451 seconds .

AssetImportWorkerClient::OnTransportError - code=2 error=End of file
